[ 2019-05-13T23:01:51+08:00 ] 127.0.0.1 127.0.0.1 GET /
[ log ] astore.com/ [运行时间：0.029463s][吞吐率：33.94req/s] [内存消耗：1,243.48kb] [文件加载：41]
[ info ] [ LANG ] F:\Code\AustraliaStore\thinkphp\lang\zh-cn.php
[ info ] [ ROUTE ] array (
  'type' => 'module',
  'module' => 
  array (
    0 => '',
    1 => NULL,
    2 => NULL,
  ),
)
[ info ] [ HEADER ] array (
  'accept-language' => 'zh-CN,zh;q=0.9',
  'accept-encoding' => 'gzip, deflate',
  'accept' => 'text/html,application/xhtml+xml,application/xml;q=0.9,image/webp,image/apng,*/*;q=0.8,application/signed-exchange;v=b3',
  'user-agent' => 'Mozilla/5.0 (Windows NT 10.0; Win64; x64) AppleWebKit/537.36 (KHTML, like Gecko) Chrome/73.0.3683.75 Safari/537.36',
  'upgrade-insecure-requests' => '1',
  'connection' => 'keep-alive',
  'host' => 'astore.com',
  'content-length' => '',
  'content-type' => '',
)
[ info ] [ PARAM ] array (
)
[ info ] [ RUN ] app\index\controller\Index->index[ F:\Code\AustraliaStore\application\index\controller\Index.php ]
[ info ] [ LOG ] INIT File

---------------------------------------------------------------
[ 2019-05-13T23:03:45+08:00 ] 127.0.0.1 127.0.0.1 GET /
[ log ] astore.com/ [运行时间：0.016309s][吞吐率：61.32req/s] [内存消耗：1,243.46kb] [文件加载：41]
[ info ] [ LANG ] F:\Code\AustraliaStore\thinkphp\lang\zh-cn.php
[ info ] [ ROUTE ] array (
  'type' => 'module',
  'module' => 
  array (
    0 => '',
    1 => NULL,
    2 => NULL,
  ),
)
[ info ] [ HEADER ] array (
  'accept-language' => 'zh-CN,zh;q=0.9',
  'accept-encoding' => 'gzip, deflate',
  'accept' => 'text/html,application/xhtml+xml,application/xml;q=0.9,image/webp,image/apng,*/*;q=0.8,application/signed-exchange;v=b3',
  'user-agent' => 'Mozilla/5.0 (Windows NT 10.0; Win64; x64) AppleWebKit/537.36 (KHTML, like Gecko) Chrome/73.0.3683.75 Safari/537.36',
  'upgrade-insecure-requests' => '1',
  'connection' => 'keep-alive',
  'host' => 'astore.com',
  'content-length' => '',
  'content-type' => '',
)
[ info ] [ PARAM ] array (
)
[ info ] [ RUN ] app\index\controller\Index->index[ F:\Code\AustraliaStore\application\index\controller\Index.php ]
[ info ] [ LOG ] INIT File

---------------------------------------------------------------
[ 2019-05-13T23:08:29+08:00 ] 127.0.0.1 127.0.0.1 GET /admin.html
[ log ] astore.com/admin.html [运行时间：1.066745s][吞吐率：0.94req/s] [内存消耗：6,608.82kb] [文件加载：73]
[ info ] [ LANG ] F:\Code\AustraliaStore\thinkphp\lang\zh-cn.php
[ info ] [ ROUTE ] array (
  'type' => 'module',
  'module' => 
  array (
    0 => 'admin',
    1 => NULL,
    2 => NULL,
  ),
)
[ info ] [ HEADER ] array (
  'accept-language' => 'zh-CN,zh;q=0.9',
  'accept-encoding' => 'gzip, deflate',
  'accept' => 'text/html,application/xhtml+xml,application/xml;q=0.9,image/webp,image/apng,*/*;q=0.8,application/signed-exchange;v=b3',
  'user-agent' => 'Mozilla/5.0 (Windows NT 10.0; Win64; x64) AppleWebKit/537.36 (KHTML, like Gecko) Chrome/73.0.3683.75 Safari/537.36',
  'upgrade-insecure-requests' => '1',
  'cache-control' => 'max-age=0',
  'connection' => 'close',
  'host' => 'astore.com',
)
[ info ] [ PARAM ] array (
  '/admin_html' => '',
)
[ info ] [ SESSION ] INIT array (
  'id' => '',
  'var_session_id' => '',
  'prefix' => 'think',
  'type' => '',
  'auto_start' => true,
)
[ info ] [ BEHAVIOR ] Run \app\common\behavior\WebLog @module_init [ RunTime:0.010095s ]
[ info ] [ DB ] INIT mysql
[ info ] [ LOG ] INIT File
[ error ] [1045]SQLSTATE[HY000] [1045] Access denied for user 'root'@'localhost' (using password: YES)[F:\Code\AustraliaStore\thinkphp\library\think\db\Connection.php:300]

---------------------------------------------------------------
[ 2019-05-13T23:08:44+08:00 ] 127.0.0.1 127.0.0.1 GET /admin.html
[ log ] astore.com/admin.html [运行时间：1.057650s][吞吐率：0.95req/s] [内存消耗：6,609.38kb] [文件加载：73]
[ info ] [ LANG ] F:\Code\AustraliaStore\thinkphp\lang\zh-cn.php
[ info ] [ ROUTE ] array (
  'type' => 'module',
  'module' => 
  array (
    0 => 'admin',
    1 => NULL,
    2 => NULL,
  ),
)
[ info ] [ HEADER ] array (
  'cookie' => 'PHPSESSID=1huotjm1439som1bv2jjvvml8a; thinkphp_show_page_trace=0|0',
  'accept-language' => 'zh-CN,zh;q=0.9',
  'accept-encoding' => 'gzip, deflate',
  'accept' => 'text/html,application/xhtml+xml,application/xml;q=0.9,image/webp,image/apng,*/*;q=0.8,application/signed-exchange;v=b3',
  'user-agent' => 'Mozilla/5.0 (Windows NT 10.0; Win64; x64) AppleWebKit/537.36 (KHTML, like Gecko) Chrome/73.0.3683.75 Safari/537.36',
  'upgrade-insecure-requests' => '1',
  'cache-control' => 'max-age=0',
  'connection' => 'close',
  'host' => 'astore.com',
)
[ info ] [ PARAM ] array (
  '/admin_html' => '',
)
[ info ] [ SESSION ] INIT array (
  'id' => '',
  'var_session_id' => '',
  'prefix' => 'think',
  'type' => '',
  'auto_start' => true,
)
[ info ] [ BEHAVIOR ] Run \app\common\behavior\WebLog @module_init [ RunTime:0.009828s ]
[ info ] [ DB ] INIT mysql
[ info ] [ LOG ] INIT File
[ error ] [1045]SQLSTATE[HY000] [1045] Access denied for user 'root'@'localhost' (using password: YES)[F:\Code\AustraliaStore\thinkphp\library\think\db\Connection.php:300]

---------------------------------------------------------------
[ 2019-05-13T23:12:56+08:00 ] 127.0.0.1 127.0.0.1 GET /
[ log ] astore.com/ [运行时间：0.020558s][吞吐率：48.64req/s] [内存消耗：1,237.33kb] [文件加载：41]
[ info ] [ LANG ] F:\Code\AustraliaStore\thinkphp\lang\zh-cn.php
[ info ] [ ROUTE ] array (
  'type' => 'module',
  'module' => 
  array (
    0 => '',
    1 => NULL,
    2 => NULL,
  ),
)
[ info ] [ HEADER ] array (
  'cookie' => 'PHPSESSID=1huotjm1439som1bv2jjvvml8a; thinkphp_show_page_trace=0|0',
  'accept-language' => 'zh-CN,zh;q=0.9',
  'accept-encoding' => 'gzip, deflate',
  'accept' => 'text/html,application/xhtml+xml,application/xml;q=0.9,image/webp,image/apng,*/*;q=0.8,application/signed-exchange;v=b3',
  'user-agent' => 'Mozilla/5.0 (Windows NT 10.0; Win64; x64) AppleWebKit/537.36 (KHTML, like Gecko) Chrome/73.0.3683.75 Safari/537.36',
  'upgrade-insecure-requests' => '1',
  'connection' => 'close',
  'host' => 'astore.com',
)
[ info ] [ PARAM ] array (
)
[ info ] [ RUN ] app\index\controller\Index->index[ F:\Code\AustraliaStore\application\index\controller\Index.php ]
[ info ] [ LOG ] INIT File

---------------------------------------------------------------
[ 2019-05-13T23:14:01+08:00 ] 127.0.0.1 127.0.0.1 GET /
[ log ] astore.com/ [运行时间：0.020470s][吞吐率：48.85req/s] [内存消耗：1,237.33kb] [文件加载：41]
[ info ] [ LANG ] F:\Code\AustraliaStore\thinkphp\lang\zh-cn.php
[ info ] [ ROUTE ] array (
  'type' => 'module',
  'module' => 
  array (
    0 => '',
    1 => NULL,
    2 => NULL,
  ),
)
[ info ] [ HEADER ] array (
  'cookie' => 'PHPSESSID=1huotjm1439som1bv2jjvvml8a; thinkphp_show_page_trace=0|0',
  'accept-language' => 'zh-CN,zh;q=0.9',
  'accept-encoding' => 'gzip, deflate',
  'accept' => 'text/html,application/xhtml+xml,application/xml;q=0.9,image/webp,image/apng,*/*;q=0.8,application/signed-exchange;v=b3',
  'user-agent' => 'Mozilla/5.0 (Windows NT 10.0; Win64; x64) AppleWebKit/537.36 (KHTML, like Gecko) Chrome/73.0.3683.75 Safari/537.36',
  'upgrade-insecure-requests' => '1',
  'connection' => 'close',
  'host' => 'astore.com',
)
[ info ] [ PARAM ] array (
)
[ info ] [ RUN ] app\index\controller\Index->index[ F:\Code\AustraliaStore\application\index\controller\Index.php ]
[ info ] [ LOG ] INIT File

---------------------------------------------------------------
[ 2019-05-13T23:18:02+08:00 ] 127.0.0.1 127.0.0.1 GET /admin.html
[ log ] astore.com/admin.html [运行时间：1.058110s][吞吐率：0.95req/s] [内存消耗：6,608.46kb] [文件加载：73]
[ info ] [ LANG ] F:\Code\AustraliaStore\thinkphp\lang\zh-cn.php
[ info ] [ ROUTE ] array (
  'type' => 'module',
  'module' => 
  array (
    0 => 'admin',
    1 => NULL,
    2 => NULL,
  ),
)
[ info ] [ HEADER ] array (
  'cookie' => 'PHPSESSID=1huotjm1439som1bv2jjvvml8a; thinkphp_show_page_trace=0|0',
  'accept-language' => 'zh-CN,zh;q=0.9',
  'accept-encoding' => 'gzip, deflate',
  'accept' => 'text/html,application/xhtml+xml,application/xml;q=0.9,image/webp,image/apng,*/*;q=0.8,application/signed-exchange;v=b3',
  'user-agent' => 'Mozilla/5.0 (Windows NT 10.0; Win64; x64) AppleWebKit/537.36 (KHTML, like Gecko) Chrome/73.0.3683.75 Safari/537.36',
  'upgrade-insecure-requests' => '1',
  'cache-control' => 'max-age=0',
  'connection' => 'close',
  'host' => 'astore.com',
)
[ info ] [ PARAM ] array (
)
[ info ] [ SESSION ] INIT array (
  'id' => '',
  'var_session_id' => '',
  'prefix' => 'think',
  'type' => '',
  'auto_start' => true,
)
[ info ] [ BEHAVIOR ] Run \app\common\behavior\WebLog @module_init [ RunTime:0.009779s ]
[ info ] [ DB ] INIT mysql
[ info ] [ LOG ] INIT File
[ error ] [1045]SQLSTATE[HY000] [1045] Access denied for user 'root'@'localhost' (using password: YES)[F:\Code\AustraliaStore\thinkphp\library\think\db\Connection.php:300]

---------------------------------------------------------------
[ 2019-05-13T23:19:35+08:00 ] 127.0.0.1 127.0.0.1 GET /admin.html
[ log ] astore.com/admin.html [运行时间：1.036881s][吞吐率：0.96req/s] [内存消耗：6,608.46kb] [文件加载：73]
[ info ] [ LANG ] F:\Code\AustraliaStore\thinkphp\lang\zh-cn.php
[ info ] [ ROUTE ] array (
  'type' => 'module',
  'module' => 
  array (
    0 => 'admin',
    1 => NULL,
    2 => NULL,
  ),
)
[ info ] [ HEADER ] array (
  'cookie' => 'PHPSESSID=1huotjm1439som1bv2jjvvml8a; thinkphp_show_page_trace=0|0',
  'accept-language' => 'zh-CN,zh;q=0.9',
  'accept-encoding' => 'gzip, deflate',
  'accept' => 'text/html,application/xhtml+xml,application/xml;q=0.9,image/webp,image/apng,*/*;q=0.8,application/signed-exchange;v=b3',
  'user-agent' => 'Mozilla/5.0 (Windows NT 10.0; Win64; x64) AppleWebKit/537.36 (KHTML, like Gecko) Chrome/73.0.3683.75 Safari/537.36',
  'upgrade-insecure-requests' => '1',
  'cache-control' => 'max-age=0',
  'connection' => 'close',
  'host' => 'astore.com',
)
[ info ] [ PARAM ] array (
)
[ info ] [ SESSION ] INIT array (
  'id' => '',
  'var_session_id' => '',
  'prefix' => 'think',
  'type' => '',
  'auto_start' => true,
)
[ info ] [ BEHAVIOR ] Run \app\common\behavior\WebLog @module_init [ RunTime:0.003802s ]
[ info ] [ DB ] INIT mysql
[ info ] [ LOG ] INIT File
[ error ] [1044]SQLSTATE[HY000] [1044] Access denied for user 'astore'@'localhost' to database 'astore'[F:\Code\AustraliaStore\thinkphp\library\think\db\Connection.php:300]

---------------------------------------------------------------
[ 2019-05-13T23:19:39+08:00 ] 127.0.0.1 127.0.0.1 GET /admin.html
[ log ] astore.com/admin.html [运行时间：1.044513s][吞吐率：0.96req/s] [内存消耗：6,608.46kb] [文件加载：73]
[ info ] [ LANG ] F:\Code\AustraliaStore\thinkphp\lang\zh-cn.php
[ info ] [ ROUTE ] array (
  'type' => 'module',
  'module' => 
  array (
    0 => 'admin',
    1 => NULL,
    2 => NULL,
  ),
)
[ info ] [ HEADER ] array (
  'cookie' => 'PHPSESSID=1huotjm1439som1bv2jjvvml8a; thinkphp_show_page_trace=0|0',
  'accept-language' => 'zh-CN,zh;q=0.9',
  'accept-encoding' => 'gzip, deflate',
  'accept' => 'text/html,application/xhtml+xml,application/xml;q=0.9,image/webp,image/apng,*/*;q=0.8,application/signed-exchange;v=b3',
  'user-agent' => 'Mozilla/5.0 (Windows NT 10.0; Win64; x64) AppleWebKit/537.36 (KHTML, like Gecko) Chrome/73.0.3683.75 Safari/537.36',
  'upgrade-insecure-requests' => '1',
  'cache-control' => 'max-age=0',
  'connection' => 'close',
  'host' => 'astore.com',
)
[ info ] [ PARAM ] array (
)
[ info ] [ SESSION ] INIT array (
  'id' => '',
  'var_session_id' => '',
  'prefix' => 'think',
  'type' => '',
  'auto_start' => true,
)
[ info ] [ BEHAVIOR ] Run \app\common\behavior\WebLog @module_init [ RunTime:0.003844s ]
[ info ] [ DB ] INIT mysql
[ info ] [ LOG ] INIT File
[ error ] [1044]SQLSTATE[HY000] [1044] Access denied for user 'astore'@'localhost' to database 'astore'[F:\Code\AustraliaStore\thinkphp\library\think\db\Connection.php:300]

---------------------------------------------------------------
[ 2019-05-13T23:19:47+08:00 ] 127.0.0.1 127.0.0.1 GET /admin.html
[ log ] astore.com/admin.html [运行时间：1.063467s][吞吐率：0.94req/s] [内存消耗：6,659.05kb] [文件加载：69]
[ info ] [ LANG ] F:\Code\AustraliaStore\thinkphp\lang\zh-cn.php
[ info ] [ ROUTE ] array (
  'type' => 'module',
  'module' => 
  array (
    0 => 'admin',
    1 => NULL,
    2 => NULL,
  ),
)
[ info ] [ HEADER ] array (
  'cookie' => 'PHPSESSID=1huotjm1439som1bv2jjvvml8a; thinkphp_show_page_trace=0|0',
  'accept-language' => 'zh-CN,zh;q=0.9',
  'accept-encoding' => 'gzip, deflate',
  'accept' => 'text/html,application/xhtml+xml,application/xml;q=0.9,image/webp,image/apng,*/*;q=0.8,application/signed-exchange;v=b3',
  'user-agent' => 'Mozilla/5.0 (Windows NT 10.0; Win64; x64) AppleWebKit/537.36 (KHTML, like Gecko) Chrome/73.0.3683.75 Safari/537.36',
  'upgrade-insecure-requests' => '1',
  'cache-control' => 'max-age=0',
  'connection' => 'close',
  'host' => 'astore.com',
)
[ info ] [ PARAM ] array (
)
[ info ] [ SESSION ] INIT array (
  'id' => '',
  'var_session_id' => '',
  'prefix' => 'think',
  'type' => '',
  'auto_start' => true,
)
[ info ] [ BEHAVIOR ] Run \app\common\behavior\WebLog @module_init [ RunTime:0.004433s ]
[ info ] [ DB ] INIT mysql
[ info ] [ BEHAVIOR ] Run \app\common\behavior\WebLog @app_end [ RunTime:1.037951s ]
[ info ] [ LOG ] INIT File
[ sql ] [ DB ] CONNECT:[ UseTime:1.003646s ] mysql:dbname=astore.com;host=localhost;charset=utf8
[ sql ] [ SQL ] SHOW COLUMNS FROM `tp_web_log_all` [ RunTime:0.028466s ]
[ sql ] [ SQL ] INSERT INTO `tp_web_log_all` (`uid` , `ip` , `location` , `os` , `browser` , `url` , `module` , `controller` , `action` , `method` , `data` , `create_at`) VALUES (0 , '127.0.0.1' , '本机地址 本机地址  ' , 'Windows 10' , 'Chrome(73.0.3683.75)' , 'http://astore.com/admin.html' , 'admin' , 'Index' , 'index' , 'GET' , 'a:0:{}' , 1557760786) [ RunTime:0.000391s ]

---------------------------------------------------------------
[ 2019-05-13T23:19:47+08:00 ] 127.0.0.1 127.0.0.1 GET /admin/pub/login.html
[ log ] astore.com/admin/pub/login.html [运行时间：0.030532s][吞吐率：32.75req/s] [内存消耗：6,193.23kb] [文件加载：67]
[ info ] [ LANG ] F:\Code\AustraliaStore\thinkphp\lang\zh-cn.php
[ info ] [ ROUTE ] array (
  'type' => 'module',
  'module' => 
  array (
    0 => 'admin',
    1 => 'pub',
    2 => 'login',
  ),
)
[ info ] [ HEADER ] array (
  'cookie' => 'PHPSESSID=1huotjm1439som1bv2jjvvml8a; thinkphp_show_page_trace=0|0',
  'accept-language' => 'zh-CN,zh;q=0.9',
  'accept-encoding' => 'gzip, deflate',
  'accept' => 'text/html,application/xhtml+xml,application/xml;q=0.9,image/webp,image/apng,*/*;q=0.8,application/signed-exchange;v=b3',
  'user-agent' => 'Mozilla/5.0 (Windows NT 10.0; Win64; x64) AppleWebKit/537.36 (KHTML, like Gecko) Chrome/73.0.3683.75 Safari/537.36',
  'upgrade-insecure-requests' => '1',
  'cache-control' => 'max-age=0',
  'connection' => 'close',
  'host' => 'astore.com',
)
[ info ] [ PARAM ] array (
)
[ info ] [ SESSION ] INIT array (
  'id' => '',
  'var_session_id' => '',
  'prefix' => 'think',
  'type' => '',
  'auto_start' => true,
)
[ info ] [ BEHAVIOR ] Run \app\common\behavior\WebLog @module_init [ RunTime:0.003954s ]
[ info ] [ RUN ] app\admin\controller\Pub->login[ F:\Code\AustraliaStore\application\admin\controller\Pub.php ]
[ info ] [ VIEW ] F:\Code\AustraliaStore\public_html/../application/admin\view\pub\login.html [ array (
) ]
[ info ] [ BEHAVIOR ] Run \app\common\behavior\WebLog @app_end [ RunTime:0.000020s ]
[ info ] [ LOG ] INIT File

---------------------------------------------------------------
[ 2019-05-13T23:19:47+08:00 ] 127.0.0.1 127.0.0.1 GET /captcha.html
[ log ] astore.com/captcha.html [运行时间：0.021070s][吞吐率：47.46req/s] [内存消耗：1,429.73kb] [文件加载：47]
[ info ] [ LANG ] F:\Code\AustraliaStore\thinkphp\lang\zh-cn.php
[ info ] [ ROUTE ] array (
  'type' => 'method',
  'method' => 
  array (
    0 => '\\think\\captcha\\CaptchaController',
    1 => 'index',
  ),
  'var' => 
  array (
  ),
)
[ info ] [ HEADER ] array (
  'cookie' => 'PHPSESSID=1huotjm1439som1bv2jjvvml8a; thinkphp_show_page_trace=0|0',
  'accept-language' => 'zh-CN,zh;q=0.9',
  'accept-encoding' => 'gzip, deflate',
  'referer' => 'http://astore.com/admin/pub/login.html',
  'accept' => 'image/webp,image/apng,image/*,*/*;q=0.8',
  'user-agent' => 'Mozilla/5.0 (Windows NT 10.0; Win64; x64) AppleWebKit/537.36 (KHTML, like Gecko) Chrome/73.0.3683.75 Safari/537.36',
  'connection' => 'close',
  'host' => 'astore.com',
)
[ info ] [ PARAM ] array (
  'id' => '',
)
[ info ] [ RUN ] think\captcha\CaptchaController->index[ F:\Code\AustraliaStore\vendor\topthink\think-captcha\src\CaptchaController.php ]
[ info ] [ LOG ] INIT File
[ error ] [0]致命错误: Call to undefined function think\captcha\imagecreate()[F:\Code\AustraliaStore\vendor\topthink\think-captcha\src\Captcha.php:143]

---------------------------------------------------------------
[ 2019-05-13T23:19:51+08:00 ] 127.0.0.1 127.0.0.1 GET /captcha.html?t=1557760791198
[ log ] astore.com/captcha.html?t=1557760791198 [运行时间：0.019303s][吞吐率：51.81req/s] [内存消耗：1,430.29kb] [文件加载：47]
[ info ] [ LANG ] F:\Code\AustraliaStore\thinkphp\lang\zh-cn.php
[ info ] [ ROUTE ] array (
  'type' => 'method',
  'method' => 
  array (
    0 => '\\think\\captcha\\CaptchaController',
    1 => 'index',
  ),
  'var' => 
  array (
  ),
)
[ info ] [ HEADER ] array (
  'cookie' => 'PHPSESSID=1huotjm1439som1bv2jjvvml8a; thinkphp_show_page_trace=0|0',
  'accept-language' => 'zh-CN,zh;q=0.9',
  'accept-encoding' => 'gzip, deflate',
  'referer' => 'http://astore.com/admin/pub/login.html',
  'accept' => 'image/webp,image/apng,image/*,*/*;q=0.8',
  'user-agent' => 'Mozilla/5.0 (Windows NT 10.0; Win64; x64) AppleWebKit/537.36 (KHTML, like Gecko) Chrome/73.0.3683.75 Safari/537.36',
  'connection' => 'close',
  'host' => 'astore.com',
)
[ info ] [ PARAM ] array (
  't' => '1557760791198',
  'id' => '',
)
[ info ] [ RUN ] think\captcha\CaptchaController->index[ F:\Code\AustraliaStore\vendor\topthink\think-captcha\src\CaptchaController.php ]
[ info ] [ LOG ] INIT File
[ error ] [0]致命错误: Call to undefined function think\captcha\imagecreate()[F:\Code\AustraliaStore\vendor\topthink\think-captcha\src\Captcha.php:143]

---------------------------------------------------------------
[ 2019-05-13T23:19:52+08:00 ] 127.0.0.1 127.0.0.1 GET /captcha.html?t=1557760792294
[ log ] astore.com/captcha.html?t=1557760792294 [运行时间：0.019021s][吞吐率：52.57req/s] [内存消耗：1,430.29kb] [文件加载：47]
[ info ] [ LANG ] F:\Code\AustraliaStore\thinkphp\lang\zh-cn.php
[ info ] [ ROUTE ] array (
  'type' => 'method',
  'method' => 
  array (
    0 => '\\think\\captcha\\CaptchaController',
    1 => 'index',
  ),
  'var' => 
  array (
  ),
)
[ info ] [ HEADER ] array (
  'cookie' => 'PHPSESSID=1huotjm1439som1bv2jjvvml8a; thinkphp_show_page_trace=0|0',
  'accept-language' => 'zh-CN,zh;q=0.9',
  'accept-encoding' => 'gzip, deflate',
  'referer' => 'http://astore.com/admin/pub/login.html',
  'accept' => 'image/webp,image/apng,image/*,*/*;q=0.8',
  'user-agent' => 'Mozilla/5.0 (Windows NT 10.0; Win64; x64) AppleWebKit/537.36 (KHTML, like Gecko) Chrome/73.0.3683.75 Safari/537.36',
  'connection' => 'close',
  'host' => 'astore.com',
)
[ info ] [ PARAM ] array (
  't' => '1557760792294',
  'id' => '',
)
[ info ] [ RUN ] think\captcha\CaptchaController->index[ F:\Code\AustraliaStore\vendor\topthink\think-captcha\src\CaptchaController.php ]
[ info ] [ LOG ] INIT File
[ error ] [0]致命错误: Call to undefined function think\captcha\imagecreate()[F:\Code\AustraliaStore\vendor\topthink\think-captcha\src\Captcha.php:143]

---------------------------------------------------------------
[ 2019-05-13T23:19:52+08:00 ] 127.0.0.1 127.0.0.1 GET /captcha.html?t=1557760792846
[ log ] astore.com/captcha.html?t=1557760792846 [运行时间：0.019019s][吞吐率：52.58req/s] [内存消耗：1,430.29kb] [文件加载：47]
[ info ] [ LANG ] F:\Code\AustraliaStore\thinkphp\lang\zh-cn.php
[ info ] [ ROUTE ] array (
  'type' => 'method',
  'method' => 
  array (
    0 => '\\think\\captcha\\CaptchaController',
    1 => 'index',
  ),
  'var' => 
  array (
  ),
)
[ info ] [ HEADER ] array (
  'cookie' => 'PHPSESSID=1huotjm1439som1bv2jjvvml8a; thinkphp_show_page_trace=0|0',
  'accept-language' => 'zh-CN,zh;q=0.9',
  'accept-encoding' => 'gzip, deflate',
  'referer' => 'http://astore.com/admin/pub/login.html',
  'accept' => 'image/webp,image/apng,image/*,*/*;q=0.8',
  'user-agent' => 'Mozilla/5.0 (Windows NT 10.0; Win64; x64) AppleWebKit/537.36 (KHTML, like Gecko) Chrome/73.0.3683.75 Safari/537.36',
  'connection' => 'close',
  'host' => 'astore.com',
)
[ info ] [ PARAM ] array (
  't' => '1557760792846',
  'id' => '',
)
[ info ] [ RUN ] think\captcha\CaptchaController->index[ F:\Code\AustraliaStore\vendor\topthink\think-captcha\src\CaptchaController.php ]
[ info ] [ LOG ] INIT File
[ error ] [0]致命错误: Call to undefined function think\captcha\imagecreate()[F:\Code\AustraliaStore\vendor\topthink\think-captcha\src\Captcha.php:143]

---------------------------------------------------------------
[ 2019-05-13T23:19:58+08:00 ] 127.0.0.1 127.0.0.1 GET /admin/pub/login.html
[ log ] astore.com/admin/pub/login.html [运行时间：0.025575s][吞吐率：39.10req/s] [内存消耗：5,986.26kb] [文件加载：64]
[ info ] [ LANG ] F:\Code\AustraliaStore\thinkphp\lang\zh-cn.php
[ info ] [ ROUTE ] array (
  'type' => 'module',
  'module' => 
  array (
    0 => 'admin',
    1 => 'pub',
    2 => 'login',
  ),
)
[ info ] [ HEADER ] array (
  'cookie' => 'thinkphp_show_page_trace=0|0; PHPSESSID=1huotjm1439som1bv2jjvvml8a; thinkphp_show_page_trace=0|0',
  'accept-language' => 'zh-CN,zh;q=0.9',
  'accept-encoding' => 'gzip, deflate',
  'accept' => 'text/html,application/xhtml+xml,application/xml;q=0.9,image/webp,image/apng,*/*;q=0.8,application/signed-exchange;v=b3',
  'user-agent' => 'Mozilla/5.0 (Linux; Android 6.0; Nexus 5 Build/MRA58N) AppleWebKit/537.36 (KHTML, like Gecko) Chrome/73.0.3683.75 Mobile Safari/537.36',
  'upgrade-insecure-requests' => '1',
  'cache-control' => 'max-age=0',
  'connection' => 'close',
  'host' => 'astore.com',
)
[ info ] [ PARAM ] array (
)
[ info ] [ SESSION ] INIT array (
  'id' => '',
  'var_session_id' => '',
  'prefix' => 'think',
  'type' => '',
  'auto_start' => true,
)
[ info ] [ BEHAVIOR ] Run \app\common\behavior\WebLog @module_init [ RunTime:0.003821s ]
[ info ] [ RUN ] app\admin\controller\Pub->login[ F:\Code\AustraliaStore\application\admin\controller\Pub.php ]
[ info ] [ VIEW ] F:\Code\AustraliaStore\public_html/../application/admin\view\pub\login.html [ array (
) ]
[ info ] [ BEHAVIOR ] Run \app\common\behavior\WebLog @app_end [ RunTime:0.000017s ]
[ info ] [ LOG ] INIT File

---------------------------------------------------------------
[ 2019-05-13T23:19:58+08:00 ] 127.0.0.1 127.0.0.1 GET /captcha.html
[ log ] astore.com/captcha.html [运行时间：0.025462s][吞吐率：39.27req/s] [内存消耗：1,429.73kb] [文件加载：47]
[ info ] [ LANG ] F:\Code\AustraliaStore\thinkphp\lang\zh-cn.php
[ info ] [ ROUTE ] array (
  'type' => 'method',
  'method' => 
  array (
    0 => '\\think\\captcha\\CaptchaController',
    1 => 'index',
  ),
  'var' => 
  array (
  ),
)
[ info ] [ HEADER ] array (
  'cookie' => 'PHPSESSID=1huotjm1439som1bv2jjvvml8a; thinkphp_show_page_trace=0|0',
  'accept-language' => 'zh-CN,zh;q=0.9',
  'accept-encoding' => 'gzip, deflate',
  'referer' => 'http://astore.com/admin/pub/login.html',
  'accept' => 'image/webp,image/apng,image/*,*/*;q=0.8',
  'user-agent' => 'Mozilla/5.0 (Linux; Android 6.0; Nexus 5 Build/MRA58N) AppleWebKit/537.36 (KHTML, like Gecko) Chrome/73.0.3683.75 Mobile Safari/537.36',
  'connection' => 'close',
  'host' => 'astore.com',
)
[ info ] [ PARAM ] array (
  'id' => '',
)
[ info ] [ RUN ] think\captcha\CaptchaController->index[ F:\Code\AustraliaStore\vendor\topthink\think-captcha\src\CaptchaController.php ]
[ info ] [ LOG ] INIT File
[ error ] [0]致命错误: Call to undefined function think\captcha\imagecreate()[F:\Code\AustraliaStore\vendor\topthink\think-captcha\src\Captcha.php:143]

---------------------------------------------------------------
[ 2019-05-13T23:20:01+08:00 ] 127.0.0.1 127.0.0.1 GET /admin/pub/login.html
[ log ] astore.com/admin/pub/login.html [运行时间：0.025502s][吞吐率：39.21req/s] [内存消耗：5,986.13kb] [文件加载：64]
[ info ] [ LANG ] F:\Code\AustraliaStore\thinkphp\lang\zh-cn.php
[ info ] [ ROUTE ] array (
  'type' => 'module',
  'module' => 
  array (
    0 => 'admin',
    1 => 'pub',
    2 => 'login',
  ),
)
[ info ] [ HEADER ] array (
  'cookie' => 'thinkphp_show_page_trace=0|0; PHPSESSID=1huotjm1439som1bv2jjvvml8a; thinkphp_show_page_trace=0|0',
  'accept-language' => 'zh-CN,zh;q=0.9',
  'accept-encoding' => 'gzip, deflate',
  'accept' => 'text/html,application/xhtml+xml,application/xml;q=0.9,image/webp,image/apng,*/*;q=0.8,application/signed-exchange;v=b3',
  'user-agent' => 'Mozilla/5.0 (Windows NT 10.0; Win64; x64) AppleWebKit/537.36 (KHTML, like Gecko) Chrome/73.0.3683.75 Safari/537.36',
  'upgrade-insecure-requests' => '1',
  'cache-control' => 'max-age=0',
  'connection' => 'close',
  'host' => 'astore.com',
)
[ info ] [ PARAM ] array (
)
[ info ] [ SESSION ] INIT array (
  'id' => '',
  'var_session_id' => '',
  'prefix' => 'think',
  'type' => '',
  'auto_start' => true,
)
[ info ] [ BEHAVIOR ] Run \app\common\behavior\WebLog @module_init [ RunTime:0.003652s ]
[ info ] [ RUN ] app\admin\controller\Pub->login[ F:\Code\AustraliaStore\application\admin\controller\Pub.php ]
[ info ] [ VIEW ] F:\Code\AustraliaStore\public_html/../application/admin\view\pub\login.html [ array (
) ]
[ info ] [ BEHAVIOR ] Run \app\common\behavior\WebLog @app_end [ RunTime:0.000016s ]
[ info ] [ LOG ] INIT File

---------------------------------------------------------------
[ 2019-05-13T23:20:01+08:00 ] 127.0.0.1 127.0.0.1 GET /captcha.html
[ log ] astore.com/captcha.html [运行时间：0.020095s][吞吐率：49.76req/s] [内存消耗：1,429.73kb] [文件加载：47]
[ info ] [ LANG ] F:\Code\AustraliaStore\thinkphp\lang\zh-cn.php
[ info ] [ ROUTE ] array (
  'type' => 'method',
  'method' => 
  array (
    0 => '\\think\\captcha\\CaptchaController',
    1 => 'index',
  ),
  'var' => 
  array (
  ),
)
[ info ] [ HEADER ] array (
  'cookie' => 'PHPSESSID=1huotjm1439som1bv2jjvvml8a; thinkphp_show_page_trace=0|0',
  'accept-language' => 'zh-CN,zh;q=0.9',
  'accept-encoding' => 'gzip, deflate',
  'referer' => 'http://astore.com/admin/pub/login.html',
  'accept' => 'image/webp,image/apng,image/*,*/*;q=0.8',
  'user-agent' => 'Mozilla/5.0 (Windows NT 10.0; Win64; x64) AppleWebKit/537.36 (KHTML, like Gecko) Chrome/73.0.3683.75 Safari/537.36',
  'connection' => 'close',
  'host' => 'astore.com',
)
[ info ] [ PARAM ] array (
  'id' => '',
)
[ info ] [ RUN ] think\captcha\CaptchaController->index[ F:\Code\AustraliaStore\vendor\topthink\think-captcha\src\CaptchaController.php ]
[ info ] [ LOG ] INIT File
[ error ] [0]致命错误: Call to undefined function think\captcha\imagecreate()[F:\Code\AustraliaStore\vendor\topthink\think-captcha\src\Captcha.php:143]

---------------------------------------------------------------
[ 2019-05-13T23:20:48+08:00 ] 127.0.0.1 127.0.0.1 GET /captcha.html?t=1557760848734
[ log ] astore.com/captcha.html?t=1557760848734 [运行时间：0.035867s][吞吐率：27.88req/s] [内存消耗：1,430.29kb] [文件加载：47]
[ info ] [ LANG ] F:\Code\AustraliaStore\thinkphp\lang\zh-cn.php
[ info ] [ ROUTE ] array (
  'type' => 'method',
  'method' => 
  array (
    0 => '\\think\\captcha\\CaptchaController',
    1 => 'index',
  ),
  'var' => 
  array (
  ),
)
[ info ] [ HEADER ] array (
  'cookie' => 'PHPSESSID=1huotjm1439som1bv2jjvvml8a; thinkphp_show_page_trace=0|0',
  'accept-language' => 'zh-CN,zh;q=0.9',
  'accept-encoding' => 'gzip, deflate',
  'referer' => 'http://astore.com/admin/pub/login.html',
  'accept' => 'image/webp,image/apng,image/*,*/*;q=0.8',
  'user-agent' => 'Mozilla/5.0 (Windows NT 10.0; Win64; x64) AppleWebKit/537.36 (KHTML, like Gecko) Chrome/73.0.3683.75 Safari/537.36',
  'connection' => 'close',
  'host' => 'astore.com',
)
[ info ] [ PARAM ] array (
  't' => '1557760848734',
  'id' => '',
)
[ info ] [ RUN ] think\captcha\CaptchaController->index[ F:\Code\AustraliaStore\vendor\topthink\think-captcha\src\CaptchaController.php ]
[ info ] [ LOG ] INIT File
[ error ] [0]致命错误: Call to undefined function think\captcha\imagecreate()[F:\Code\AustraliaStore\vendor\topthink\think-captcha\src\Captcha.php:143]

---------------------------------------------------------------
[ 2019-05-13T23:22:48+08:00 ] 127.0.0.1 127.0.0.1 GET /captcha.html?t=1557760968390
[ log ] astore.com/captcha.html?t=1557760968390 [运行时间：0.019923s][吞吐率：50.19req/s] [内存消耗：1,430.29kb] [文件加载：47]
[ info ] [ LANG ] F:\Code\AustraliaStore\thinkphp\lang\zh-cn.php
[ info ] [ ROUTE ] array (
  'type' => 'method',
  'method' => 
  array (
    0 => '\\think\\captcha\\CaptchaController',
    1 => 'index',
  ),
  'var' => 
  array (
  ),
)
[ info ] [ HEADER ] array (
  'cookie' => 'PHPSESSID=1huotjm1439som1bv2jjvvml8a; thinkphp_show_page_trace=0|0',
  'accept-language' => 'zh-CN,zh;q=0.9',
  'accept-encoding' => 'gzip, deflate',
  'referer' => 'http://astore.com/admin/pub/login.html',
  'accept' => 'image/webp,image/apng,image/*,*/*;q=0.8',
  'user-agent' => 'Mozilla/5.0 (Windows NT 10.0; Win64; x64) AppleWebKit/537.36 (KHTML, like Gecko) Chrome/73.0.3683.75 Safari/537.36',
  'connection' => 'close',
  'host' => 'astore.com',
)
[ info ] [ PARAM ] array (
  't' => '1557760968390',
  'id' => '',
)
[ info ] [ RUN ] think\captcha\CaptchaController->index[ F:\Code\AustraliaStore\vendor\topthink\think-captcha\src\CaptchaController.php ]
[ info ] [ LOG ] INIT File
[ error ] [0]致命错误: Call to undefined function think\captcha\imagecreate()[F:\Code\AustraliaStore\vendor\topthink\think-captcha\src\Captcha.php:143]

---------------------------------------------------------------
[ 2019-05-13T23:55:16+08:00 ] 127.0.0.1 127.0.0.1 GET /index
[ log ] astore.com/index [运行时间：0.038940s][吞吐率：25.68req/s] [内存消耗：1,375.92kb] [文件加载：47]
[ info ] [ LANG ] F:\Code\AustraliaStore\thinkphp\lang\zh-cn.php
[ info ] [ ROUTE ] array (
  'type' => 'module',
  'module' => 
  array (
    0 => 'index',
    1 => NULL,
    2 => NULL,
  ),
)
[ info ] [ HEADER ] array (
  'cookie' => 'PHPSESSID=1huotjm1439som1bv2jjvvml8a; thinkphp_show_page_trace=0|0',
  'accept-language' => 'zh-CN,zh;q=0.9',
  'accept-encoding' => 'gzip, deflate',
  'accept' => 'text/html,application/xhtml+xml,application/xml;q=0.9,image/webp,image/apng,*/*;q=0.8,application/signed-exchange;v=b3',
  'user-agent' => 'Mozilla/5.0 (Windows NT 10.0; Win64; x64) AppleWebKit/537.36 (KHTML, like Gecko) Chrome/73.0.3683.75 Safari/537.36',
  'upgrade-insecure-requests' => '1',
  'connection' => 'close',
  'host' => 'astore.com',
)
[ info ] [ PARAM ] array (
)
[ info ] [ RUN ] app\index\controller\Index->index[ F:\Code\AustraliaStore\application\index\controller\Index.php ]
[ info ] [ LOG ] INIT File
[ error ] [8]Undefined property: app\index\controller\Index::$view[F:\Code\AustraliaStore\application\index\controller\Index.php:8]

---------------------------------------------------------------
[ 2019-05-13T23:58:12+08:00 ] 127.0.0.1 127.0.0.1 GET /index
[ log ] astore.com/index [运行时间：0.032422s][吞吐率：30.84req/s] [内存消耗：5,698.75kb] [文件加载：61]
[ info ] [ LANG ] F:\Code\AustraliaStore\thinkphp\lang\zh-cn.php
[ info ] [ ROUTE ] array (
  'type' => 'module',
  'module' => 
  array (
    0 => 'index',
    1 => NULL,
    2 => NULL,
  ),
)
[ info ] [ HEADER ] array (
  'cookie' => 'PHPSESSID=1huotjm1439som1bv2jjvvml8a; thinkphp_show_page_trace=0|0',
  'accept-language' => 'zh-CN,zh;q=0.9',
  'accept-encoding' => 'gzip, deflate',
  'accept' => 'text/html,application/xhtml+xml,application/xml;q=0.9,image/webp,image/apng,*/*;q=0.8,application/signed-exchange;v=b3',
  'user-agent' => 'Mozilla/5.0 (Windows NT 10.0; Win64; x64) AppleWebKit/537.36 (KHTML, like Gecko) Chrome/73.0.3683.75 Safari/537.36',
  'upgrade-insecure-requests' => '1',
  'cache-control' => 'max-age=0',
  'connection' => 'close',
  'host' => 'astore.com',
)
[ info ] [ PARAM ] array (
)
[ info ] [ SESSION ] INIT array (
  'id' => '',
  'var_session_id' => '',
  'prefix' => 'think',
  'type' => '',
  'auto_start' => true,
)
[ info ] [ BEHAVIOR ] Run \app\common\behavior\WebLog @module_init [ RunTime:0.004899s ]
[ info ] [ RUN ] app\index\controller\Index->index[ F:\Code\AustraliaStore\application\index\controller\Index.php ]
[ info ] [ LOG ] INIT File
[ error ] [8]Undefined property: app\index\controller\Index::$view[F:\Code\AustraliaStore\application\index\controller\Index.php:8]

---------------------------------------------------------------
[ 2019-05-13T23:58:13+08:00 ] 127.0.0.1 127.0.0.1 GET /index
[ log ] astore.com/index [运行时间：0.024656s][吞吐率：40.56req/s] [内存消耗：5,698.75kb] [文件加载：61]
[ info ] [ LANG ] F:\Code\AustraliaStore\thinkphp\lang\zh-cn.php
[ info ] [ ROUTE ] array (
  'type' => 'module',
  'module' => 
  array (
    0 => 'index',
    1 => NULL,
    2 => NULL,
  ),
)
[ info ] [ HEADER ] array (
  'cookie' => 'PHPSESSID=1huotjm1439som1bv2jjvvml8a; thinkphp_show_page_trace=0|0',
  'accept-language' => 'zh-CN,zh;q=0.9',
  'accept-encoding' => 'gzip, deflate',
  'accept' => 'text/html,application/xhtml+xml,application/xml;q=0.9,image/webp,image/apng,*/*;q=0.8,application/signed-exchange;v=b3',
  'user-agent' => 'Mozilla/5.0 (Windows NT 10.0; Win64; x64) AppleWebKit/537.36 (KHTML, like Gecko) Chrome/73.0.3683.75 Safari/537.36',
  'upgrade-insecure-requests' => '1',
  'cache-control' => 'max-age=0',
  'connection' => 'close',
  'host' => 'astore.com',
)
[ info ] [ PARAM ] array (
)
[ info ] [ SESSION ] INIT array (
  'id' => '',
  'var_session_id' => '',
  'prefix' => 'think',
  'type' => '',
  'auto_start' => true,
)
[ info ] [ BEHAVIOR ] Run \app\common\behavior\WebLog @module_init [ RunTime:0.003684s ]
[ info ] [ RUN ] app\index\controller\Index->index[ F:\Code\AustraliaStore\application\index\controller\Index.php ]
[ info ] [ LOG ] INIT File
[ error ] [8]Undefined property: app\index\controller\Index::$view[F:\Code\AustraliaStore\application\index\controller\Index.php:8]

---------------------------------------------------------------
[ 2019-05-13T23:58:13+08:00 ] 127.0.0.1 127.0.0.1 GET /index
[ log ] astore.com/index [运行时间：0.024775s][吞吐率：40.36req/s] [内存消耗：5,698.75kb] [文件加载：61]
[ info ] [ LANG ] F:\Code\AustraliaStore\thinkphp\lang\zh-cn.php
[ info ] [ ROUTE ] array (
  'type' => 'module',
  'module' => 
  array (
    0 => 'index',
    1 => NULL,
    2 => NULL,
  ),
)
[ info ] [ HEADER ] array (
  'cookie' => 'PHPSESSID=1huotjm1439som1bv2jjvvml8a; thinkphp_show_page_trace=0|0',
  'accept-language' => 'zh-CN,zh;q=0.9',
  'accept-encoding' => 'gzip, deflate',
  'accept' => 'text/html,application/xhtml+xml,application/xml;q=0.9,image/webp,image/apng,*/*;q=0.8,application/signed-exchange;v=b3',
  'user-agent' => 'Mozilla/5.0 (Windows NT 10.0; Win64; x64) AppleWebKit/537.36 (KHTML, like Gecko) Chrome/73.0.3683.75 Safari/537.36',
  'upgrade-insecure-requests' => '1',
  'cache-control' => 'max-age=0',
  'connection' => 'close',
  'host' => 'astore.com',
)
[ info ] [ PARAM ] array (
)
[ info ] [ SESSION ] INIT array (
  'id' => '',
  'var_session_id' => '',
  'prefix' => 'think',
  'type' => '',
  'auto_start' => true,
)
[ info ] [ BEHAVIOR ] Run \app\common\behavior\WebLog @module_init [ RunTime:0.003492s ]
[ info ] [ RUN ] app\index\controller\Index->index[ F:\Code\AustraliaStore\application\index\controller\Index.php ]
[ info ] [ LOG ] INIT File
[ error ] [8]Undefined property: app\index\controller\Index::$view[F:\Code\AustraliaStore\application\index\controller\Index.php:8]

---------------------------------------------------------------
[ 2019-05-13T23:58:14+08:00 ] 127.0.0.1 127.0.0.1 GET /index
[ log ] astore.com/index [运行时间：0.024512s][吞吐率：40.80req/s] [内存消耗：5,698.75kb] [文件加载：61]
[ info ] [ LANG ] F:\Code\AustraliaStore\thinkphp\lang\zh-cn.php
[ info ] [ ROUTE ] array (
  'type' => 'module',
  'module' => 
  array (
    0 => 'index',
    1 => NULL,
    2 => NULL,
  ),
)
[ info ] [ HEADER ] array (
  'cookie' => 'PHPSESSID=1huotjm1439som1bv2jjvvml8a; thinkphp_show_page_trace=0|0',
  'accept-language' => 'zh-CN,zh;q=0.9',
  'accept-encoding' => 'gzip, deflate',
  'accept' => 'text/html,application/xhtml+xml,application/xml;q=0.9,image/webp,image/apng,*/*;q=0.8,application/signed-exchange;v=b3',
  'user-agent' => 'Mozilla/5.0 (Windows NT 10.0; Win64; x64) AppleWebKit/537.36 (KHTML, like Gecko) Chrome/73.0.3683.75 Safari/537.36',
  'upgrade-insecure-requests' => '1',
  'cache-control' => 'max-age=0',
  'connection' => 'close',
  'host' => 'astore.com',
)
[ info ] [ PARAM ] array (
)
[ info ] [ SESSION ] INIT array (
  'id' => '',
  'var_session_id' => '',
  'prefix' => 'think',
  'type' => '',
  'auto_start' => true,
)
[ info ] [ BEHAVIOR ] Run \app\common\behavior\WebLog @module_init [ RunTime:0.003739s ]
[ info ] [ RUN ] app\index\controller\Index->index[ F:\Code\AustraliaStore\application\index\controller\Index.php ]
[ info ] [ LOG ] INIT File
[ error ] [8]Undefined property: app\index\controller\Index::$view[F:\Code\AustraliaStore\application\index\controller\Index.php:8]

---------------------------------------------------------------
[ 2019-05-13T23:58:14+08:00 ] 127.0.0.1 127.0.0.1 GET /index
[ log ] astore.com/index [运行时间：0.025126s][吞吐率：39.80req/s] [内存消耗：5,698.75kb] [文件加载：61]
[ info ] [ LANG ] F:\Code\AustraliaStore\thinkphp\lang\zh-cn.php
[ info ] [ ROUTE ] array (
  'type' => 'module',
  'module' => 
  array (
    0 => 'index',
    1 => NULL,
    2 => NULL,
  ),
)
[ info ] [ HEADER ] array (
  'cookie' => 'PHPSESSID=1huotjm1439som1bv2jjvvml8a; thinkphp_show_page_trace=0|0',
  'accept-language' => 'zh-CN,zh;q=0.9',
  'accept-encoding' => 'gzip, deflate',
  'accept' => 'text/html,application/xhtml+xml,application/xml;q=0.9,image/webp,image/apng,*/*;q=0.8,application/signed-exchange;v=b3',
  'user-agent' => 'Mozilla/5.0 (Windows NT 10.0; Win64; x64) AppleWebKit/537.36 (KHTML, like Gecko) Chrome/73.0.3683.75 Safari/537.36',
  'upgrade-insecure-requests' => '1',
  'cache-control' => 'max-age=0',
  'connection' => 'close',
  'host' => 'astore.com',
)
[ info ] [ PARAM ] array (
)
[ info ] [ SESSION ] INIT array (
  'id' => '',
  'var_session_id' => '',
  'prefix' => 'think',
  'type' => '',
  'auto_start' => true,
)
[ info ] [ BEHAVIOR ] Run \app\common\behavior\WebLog @module_init [ RunTime:0.003919s ]
[ info ] [ RUN ] app\index\controller\Index->index[ F:\Code\AustraliaStore\application\index\controller\Index.php ]
[ info ] [ LOG ] INIT File
[ error ] [8]Undefined property: app\index\controller\Index::$view[F:\Code\AustraliaStore\application\index\controller\Index.php:8]

---------------------------------------------------------------
[ 2019-05-13T23:58:14+08:00 ] 127.0.0.1 127.0.0.1 GET /index
[ log ] astore.com/index [运行时间：0.039127s][吞吐率：25.56req/s] [内存消耗：5,698.75kb] [文件加载：61]
[ info ] [ LANG ] F:\Code\AustraliaStore\thinkphp\lang\zh-cn.php
[ info ] [ ROUTE ] array (
  'type' => 'module',
  'module' => 
  array (
    0 => 'index',
    1 => NULL,
    2 => NULL,
  ),
)
[ info ] [ HEADER ] array (
  'cookie' => 'PHPSESSID=1huotjm1439som1bv2jjvvml8a; thinkphp_show_page_trace=0|0',
  'accept-language' => 'zh-CN,zh;q=0.9',
  'accept-encoding' => 'gzip, deflate',
  'accept' => 'text/html,application/xhtml+xml,application/xml;q=0.9,image/webp,image/apng,*/*;q=0.8,application/signed-exchange;v=b3',
  'user-agent' => 'Mozilla/5.0 (Windows NT 10.0; Win64; x64) AppleWebKit/537.36 (KHTML, like Gecko) Chrome/73.0.3683.75 Safari/537.36',
  'upgrade-insecure-requests' => '1',
  'cache-control' => 'max-age=0',
  'connection' => 'close',
  'host' => 'astore.com',
)
[ info ] [ PARAM ] array (
)
[ info ] [ SESSION ] INIT array (
  'id' => '',
  'var_session_id' => '',
  'prefix' => 'think',
  'type' => '',
  'auto_start' => true,
)
[ info ] [ BEHAVIOR ] Run \app\common\behavior\WebLog @module_init [ RunTime:0.003525s ]
[ info ] [ RUN ] app\index\controller\Index->index[ F:\Code\AustraliaStore\application\index\controller\Index.php ]
[ info ] [ LOG ] INIT File
[ error ] [8]Undefined property: app\index\controller\Index::$view[F:\Code\AustraliaStore\application\index\controller\Index.php:8]

---------------------------------------------------------------
[ 2019-05-13T23:59:08+08:00 ] 127.0.0.1 127.0.0.1 GET /index
[ log ] astore.com/index [运行时间：0.025502s][吞吐率：39.21req/s] [内存消耗：5,695.81kb] [文件加载：59]
[ info ] [ LANG ] F:\Code\AustraliaStore\thinkphp\lang\zh-cn.php
[ info ] [ ROUTE ] array (
  'type' => 'module',
  'module' => 
  array (
    0 => 'index',
    1 => NULL,
    2 => NULL,
  ),
)
[ info ] [ HEADER ] array (
  'cookie' => 'PHPSESSID=1huotjm1439som1bv2jjvvml8a; thinkphp_show_page_trace=0|0',
  'accept-language' => 'zh-CN,zh;q=0.9',
  'accept-encoding' => 'gzip, deflate',
  'accept' => 'text/html,application/xhtml+xml,application/xml;q=0.9,image/webp,image/apng,*/*;q=0.8,application/signed-exchange;v=b3',
  'user-agent' => 'Mozilla/5.0 (Windows NT 10.0; Win64; x64) AppleWebKit/537.36 (KHTML, like Gecko) Chrome/73.0.3683.75 Safari/537.36',
  'upgrade-insecure-requests' => '1',
  'cache-control' => 'max-age=0',
  'connection' => 'close',
  'host' => 'astore.com',
)
[ info ] [ PARAM ] array (
)
[ info ] [ SESSION ] INIT array (
  'id' => '',
  'var_session_id' => '',
  'prefix' => 'think',
  'type' => '',
  'auto_start' => true,
)
[ info ] [ BEHAVIOR ] Run \app\common\behavior\WebLog @module_init [ RunTime:0.004201s ]
[ info ] [ LOG ] INIT File
[ error ] [0]语法解析错误: syntax error, unexpected 'class' (T_CLASS), expecting ',' or ';'[F:\Code\AustraliaStore\application\index\controller\Index.php:5]

---------------------------------------------------------------
[ 2019-05-13T23:59:08+08:00 ] 127.0.0.1 127.0.0.1 GET /index
[ log ] astore.com/index [运行时间：0.025342s][吞吐率：39.46req/s] [内存消耗：5,695.81kb] [文件加载：59]
[ info ] [ LANG ] F:\Code\AustraliaStore\thinkphp\lang\zh-cn.php
[ info ] [ ROUTE ] array (
  'type' => 'module',
  'module' => 
  array (
    0 => 'index',
    1 => NULL,
    2 => NULL,
  ),
)
[ info ] [ HEADER ] array (
  'cookie' => 'PHPSESSID=1huotjm1439som1bv2jjvvml8a; thinkphp_show_page_trace=0|0',
  'accept-language' => 'zh-CN,zh;q=0.9',
  'accept-encoding' => 'gzip, deflate',
  'accept' => 'text/html,application/xhtml+xml,application/xml;q=0.9,image/webp,image/apng,*/*;q=0.8,application/signed-exchange;v=b3',
  'user-agent' => 'Mozilla/5.0 (Windows NT 10.0; Win64; x64) AppleWebKit/537.36 (KHTML, like Gecko) Chrome/73.0.3683.75 Safari/537.36',
  'upgrade-insecure-requests' => '1',
  'cache-control' => 'max-age=0',
  'connection' => 'close',
  'host' => 'astore.com',
)
[ info ] [ PARAM ] array (
)
[ info ] [ SESSION ] INIT array (
  'id' => '',
  'var_session_id' => '',
  'prefix' => 'think',
  'type' => '',
  'auto_start' => true,
)
[ info ] [ BEHAVIOR ] Run \app\common\behavior\WebLog @module_init [ RunTime:0.004749s ]
[ info ] [ LOG ] INIT File
[ error ] [0]语法解析错误: syntax error, unexpected 'class' (T_CLASS), expecting ',' or ';'[F:\Code\AustraliaStore\application\index\controller\Index.php:5]

---------------------------------------------------------------
[ 2019-05-13T23:59:17+08:00 ] 127.0.0.1 127.0.0.1 GET /index
[ log ] astore.com/index [运行时间：1.058336s][吞吐率：0.94req/s] [内存消耗：6,648.25kb] [文件加载：68]
[ info ] [ LANG ] F:\Code\AustraliaStore\thinkphp\lang\zh-cn.php
[ info ] [ ROUTE ] array (
  'type' => 'module',
  'module' => 
  array (
    0 => 'index',
    1 => NULL,
    2 => NULL,
  ),
)
[ info ] [ HEADER ] array (
  'cookie' => 'PHPSESSID=1huotjm1439som1bv2jjvvml8a; thinkphp_show_page_trace=0|0',
  'accept-language' => 'zh-CN,zh;q=0.9',
  'accept-encoding' => 'gzip, deflate',
  'accept' => 'text/html,application/xhtml+xml,application/xml;q=0.9,image/webp,image/apng,*/*;q=0.8,application/signed-exchange;v=b3',
  'user-agent' => 'Mozilla/5.0 (Windows NT 10.0; Win64; x64) AppleWebKit/537.36 (KHTML, like Gecko) Chrome/73.0.3683.75 Safari/537.36',
  'upgrade-insecure-requests' => '1',
  'cache-control' => 'max-age=0',
  'connection' => 'close',
  'host' => 'astore.com',
)
[ info ] [ PARAM ] array (
)
[ info ] [ SESSION ] INIT array (
  'id' => '',
  'var_session_id' => '',
  'prefix' => 'think',
  'type' => '',
  'auto_start' => true,
)
[ info ] [ BEHAVIOR ] Run \app\common\behavior\WebLog @module_init [ RunTime:0.003733s ]
[ info ] [ DB ] INIT mysql
[ info ] [ BEHAVIOR ] Run \app\common\behavior\WebLog @app_end [ RunTime:1.019276s ]
[ info ] [ LOG ] INIT File
[ sql ] [ DB ] CONNECT:[ UseTime:1.003057s ] mysql:dbname=astore.com;host=localhost;charset=utf8
[ sql ] [ SQL ] SHOW COLUMNS FROM `tp_web_log_all` [ RunTime:0.009937s ]
[ sql ] [ SQL ] INSERT INTO `tp_web_log_all` (`uid` , `ip` , `location` , `os` , `browser` , `url` , `module` , `controller` , `action` , `method` , `data` , `create_at`) VALUES (0 , '127.0.0.1' , '本机地址 本机地址  ' , 'Windows 10' , 'Chrome(73.0.3683.75)' , 'http://astore.com/index' , 'index' , 'Index' , 'index' , 'GET' , 'a:0:{}' , 1557763156) [ RunTime:0.000352s ]

---------------------------------------------------------------
[ 2019-05-13T23:59:17+08:00 ] 127.0.0.1 127.0.0.1 GET /index/pub/login.html
[ log ] astore.com/index/pub/login.html [运行时间：0.024323s][吞吐率：41.11req/s] [内存消耗：5,694.20kb] [文件加载：59]
[ info ] [ LANG ] F:\Code\AustraliaStore\thinkphp\lang\zh-cn.php
[ info ] [ ROUTE ] array (
  'type' => 'module',
  'module' => 
  array (
    0 => 'index',
    1 => 'pub',
    2 => 'login',
  ),
)
[ info ] [ HEADER ] array (
  'cookie' => 'PHPSESSID=1huotjm1439som1bv2jjvvml8a; thinkphp_show_page_trace=0|0',
  'accept-language' => 'zh-CN,zh;q=0.9',
  'accept-encoding' => 'gzip, deflate',
  'accept' => 'text/html,application/xhtml+xml,application/xml;q=0.9,image/webp,image/apng,*/*;q=0.8,application/signed-exchange;v=b3',
  'user-agent' => 'Mozilla/5.0 (Windows NT 10.0; Win64; x64) AppleWebKit/537.36 (KHTML, like Gecko) Chrome/73.0.3683.75 Safari/537.36',
  'upgrade-insecure-requests' => '1',
  'cache-control' => 'max-age=0',
  'connection' => 'close',
  'host' => 'astore.com',
)
[ info ] [ PARAM ] array (
)
[ info ] [ SESSION ] INIT array (
  'id' => '',
  'var_session_id' => '',
  'prefix' => 'think',
  'type' => '',
  'auto_start' => true,
)
[ info ] [ BEHAVIOR ] Run \app\common\behavior\WebLog @module_init [ RunTime:0.003494s ]
[ info ] [ LOG ] INIT File

---------------------------------------------------------------
